\BOOKMARK [1][-]{section*.2}{\376\377\004\022\004\062\004\065\004\064\004\065\004\075\004\070\004\065}{}% 1
\BOOKMARK [1][-]{section.1}{\376\377\004\024\004\060\004\075\004\075\004\113\004\065}{}% 2
\BOOKMARK [2][-]{subsection.1.1}{\376\377\004\024\004\060\004\102\004\060\004\101\004\065\004\102\000\040\000S\000c\000i\000E\000R\000C}{section.1}% 3
\BOOKMARK [2][-]{subsection.1.2}{\376\377\004\042\004\070\004\077\004\113\000\040\004\101\004\103\004\111\004\075\004\076\004\101\004\102\004\065\004\071}{section.1}% 4
\BOOKMARK [2][-]{subsection.1.3}{\376\377\000B\000I\000O\000-\004\100\004\060\004\067\004\074\004\065\004\102\004\072\004\060}{section.1}% 5
\BOOKMARK [2][-]{subsection.1.4}{\376\377\004\041\004\102\004\060\004\102\004\070\004\101\004\102\004\070\004\072\004\060}{section.1}% 6
\BOOKMARK [1][-]{section.2}{\376\377\004\020\004\100\004\105\004\070\004\102\004\065\004\072\004\102\004\103\004\100\004\113\000\040\004\074\004\076\004\064\004\065\004\073\004\065\004\071}{}% 7
\BOOKMARK [2][-]{subsection.2.1}{\376\377\004\055\004\075\004\072\004\076\004\064\004\065\004\100\004\113}{section.2}% 8
\BOOKMARK [2][-]{subsection.2.2}{\376\377\004\032\004\073\004\060\004\101\004\101\004\070\004\104\004\070\004\072\004\060\004\106\004\070\004\076\004\075\004\075\004\113\004\065\000\040\004\063\004\076\004\073\004\076\004\062\004\113}{section.2}% 9
\BOOKMARK [2][-]{subsection.2.3}{\376\377\004\022\004\067\004\062\004\065\004\110\004\070\004\062\004\060\004\075\004\070\004\065\000\040\004\072\004\073\004\060\004\101\004\101\004\076\004\062}{section.2}% 10
\BOOKMARK [2][-]{subsection.2.4}{\376\377\004\037\004\076\004\073\004\075\004\113\004\071\000\040\004\101\004\077\004\070\004\101\004\076\004\072\000\040\004\074\004\076\004\064\004\065\004\073\004\065\004\071}{section.2}% 11
\BOOKMARK [1][-]{section.3}{\376\377\004\037\004\100\004\065\004\077\004\100\004\076\004\106\004\065\004\101\004\101\004\070\004\075\004\063\000\040\004\064\004\060\004\075\004\075\004\113\004\105}{}% 12
\BOOKMARK [2][-]{subsection.3.1}{\376\377\004\055\004\072\004\101\004\077\004\065\004\100\004\070\004\074\004\065\004\075\004\102\000\040\0001\000\040\040\024\000\040\004\061\004\060\004\067\004\076\004\062\004\113\004\071\000\040\004\077\004\100\004\065\004\077\004\100\004\076\004\106\004\065\004\101\004\101\004\070\004\075\004\063}{section.3}% 13
\BOOKMARK [2][-]{subsection.3.2}{\376\377\004\055\004\072\004\101\004\077\004\065\004\100\004\070\004\074\004\065\004\075\004\102\000\040\0002\000\040\040\024\000\040\004\103\004\073\004\103\004\107\004\110\004\065\004\075\004\075\004\113\004\071\000\040\004\077\004\100\004\065\004\077\004\100\004\076\004\106\004\065\004\101\004\101\004\070\004\075\004\063}{section.3}% 14
\BOOKMARK [3][-]{subsubsection.3.2.1}{\376\377\004\020\004\103\004\063\004\074\004\065\004\075\004\102\004\060\004\106\004\070\004\117\000\040\004\067\004\060\004\074\004\065\004\075\004\076\004\071\000\040\004\101\004\103\004\111\004\075\004\076\004\101\004\102\004\065\004\071}{subsection.3.2}% 15
\BOOKMARK [3][-]{subsubsection.3.2.2}{\376\377\004\034\004\065\004\066\004\077\004\100\004\065\004\064\004\073\004\076\004\066\004\065\004\075\004\107\004\065\004\101\004\072\004\070\004\071\000\040\004\072\004\076\004\075\004\102\004\065\004\072\004\101\004\102}{subsection.3.2}% 16
\BOOKMARK [2][-]{subsection.3.3}{\376\377\004\034\004\065\004\102\004\100\004\070\004\072\004\060\000\040\004\076\004\106\004\065\004\075\004\072\004\070}{section.3}% 17
\BOOKMARK [1][-]{section.4}{\376\377\004\043\004\101\004\073\004\076\004\062\004\070\004\117\000\040\004\076\004\061\004\103\004\107\004\065\004\075\004\070\004\117}{}% 18
\BOOKMARK [2][-]{subsection.4.1}{\376\377\004\023\004\070\004\077\004\065\004\100\004\077\004\060\004\100\004\060\004\074\004\065\004\102\004\100\004\113}{section.4}% 19
\BOOKMARK [2][-]{subsection.4.2}{\376\377\004\030\004\075\004\104\004\100\004\060\004\101\004\102\004\100\004\103\004\072\004\102\004\103\004\100\004\060}{section.4}% 20
\BOOKMARK [1][-]{section.5}{\376\377\004\040\004\065\004\067\004\103\004\073\004\114\004\102\004\060\004\102\004\113}{}% 21
\BOOKMARK [2][-]{subsection.5.1}{\376\377\004\055\004\072\004\101\004\077\004\065\004\100\004\070\004\074\004\065\004\075\004\102\000\040\0001\000\040\040\024\000\040\004\061\004\060\004\067\004\076\004\062\004\113\004\071\000\040\004\077\004\100\004\065\004\077\004\100\004\076\004\106\004\065\004\101\004\101\004\070\004\075\004\063}{section.5}% 22
\BOOKMARK [3][-]{subsubsection.5.1.1}{\376\377\004\022\004\073\004\070\004\117\004\075\004\070\004\065\000\040\004\062\004\067\004\062\004\065\004\110\004\070\004\062\004\060\004\075\004\070\004\117\000\040\004\072\004\073\004\060\004\101\004\101\004\076\004\062}{subsection.5.1}% 23
\BOOKMARK [3][-]{subsubsection.5.1.2}{\376\377\004\022\004\073\004\070\004\117\004\075\004\070\004\065\000\040\004\075\004\060\004\103\004\107\004\075\004\076\004\063\004\076\000\040\004\077\004\100\004\065\004\064\004\076\004\061\004\103\004\107\004\065\004\075\004\070\004\117}{subsection.5.1}% 24
\BOOKMARK [3][-]{subsubsection.5.1.3}{\376\377\004\022\004\073\004\070\004\117\004\075\004\070\004\065\000\040\004\060\004\100\004\105\004\070\004\102\004\065\004\072\004\102\004\103\004\100\004\113\000\040\004\063\004\076\004\073\004\076\004\062\004\113}{subsection.5.1}% 25
\BOOKMARK [2][-]{subsection.5.2}{\376\377\004\032\004\100\004\070\004\062\004\113\004\065\000\040\004\076\004\061\004\103\004\107\004\065\004\075\004\070\004\117}{section.5}% 26
\BOOKMARK [2][-]{subsection.5.3}{\376\377\004\020\004\075\004\060\004\073\004\070\004\067\000\040\004\076\004\110\004\070\004\061\004\076\004\072}{section.5}% 27
\BOOKMARK [2][-]{subsection.5.4}{\376\377\004\055\004\072\004\101\004\077\004\065\004\100\004\070\004\074\004\065\004\075\004\102\000\040\0002\000\040\040\024\000\040\004\103\004\073\004\103\004\107\004\110\004\065\004\075\004\075\004\113\004\071\000\040\004\077\004\100\004\065\004\077\004\100\004\076\004\106\004\065\004\101\004\101\004\070\004\075\004\063}{section.5}% 28
\BOOKMARK [1][-]{section*.11}{\376\377\004\027\004\060\004\072\004\073\004\116\004\107\004\065\004\075\004\070\004\065}{}% 29
